2024-07-26 10:36:06 [queue.INFO] [yii\db\Connection::open] Opening DB connection: mysql:host=db;dbname=db;port=3306 {"memory":844360} 
2024-07-26 10:36:06 [queue.INFO] [yii\web\Session::open] Session started {"memory":2791296} 
2024-07-26 10:36:06 [queue.INFO] [nystudio107\codeeditor\CodeEditor::bootstrap] CodeEditor module bootstrapped {"memory":2831224} 
2024-07-26 10:36:06 [queue.INFO] [nystudio107\imageoptimize\ImageOptimize::init] ImageOptimize plugin loaded {"memory":3300120} 
2024-07-26 10:36:06 [queue.INFO] [miranj\obfuscator\Obfuscator::init] Obfuscator plugin loaded {"memory":3346240} 
2024-07-26 10:36:06 [queue.INFO] [craftpulse\passwordpolicy\PasswordPolicy::init] Password Policy plugin loaded {"memory":3509656} 
2024-07-26 10:36:06 [queue.INFO] [nystudio107\vite\Vite::init] Vite plugin loaded {"memory":3580576} 
2024-07-26 10:36:06 [queue.INFO] [yii\db\Connection::open] Opening DB connection: mysql:host=db;dbname=db;port=3306 {"memory":4236224} 
2024-07-26 10:36:06 [queue.INFO] [craft\queue\QueueLogBehavior::beforeExec]  [514] t9n:["app","Updating element slugs and URIs"] (attempt: 1, pid: 2189) - Started {"memory":4296176} 
2024-07-26 10:36:06 [queue.INFO] [craft\queue\QueueLogBehavior::afterExec]  [514] t9n:["app","Updating element slugs and URIs"] (attempt: 1, pid: 2189) - Done (time: 0.207s) {"memory":6313096} 
2024-07-26 10:36:06 [queue.INFO] [craft\queue\QueueLogBehavior::beforeExec]  [515] Updating Carbon score for Voluptate aute anim cupidatat ea sunt. (attempt: 1, pid: 2189) - Started {"memory":6485104} 
2024-07-26 10:36:06 [queue.INFO] [craft\queue\QueueLogBehavior::afterExec]  [515] Updating Carbon score for Voluptate aute anim cupidatat ea sunt. (attempt: 1, pid: 2189) - Done (time: 0.030s) {"memory":6694184} 
2024-07-26 10:36:06 [queue.INFO] [craft\queue\QueueLogBehavior::beforeExec]  [513] t9n:["app","Updating search indexes"] (attempt: 1, pid: 2189) - Started {"memory":6702640} 
2024-07-26 10:36:06 [queue.INFO] [craft\queue\QueueLogBehavior::afterExec]  [513] t9n:["app","Updating search indexes"] (attempt: 1, pid: 2189) - Done (time: 0.003s) {"memory":6738784} 
2024-07-26 10:36:06 [queue.INFO] [craft\queue\QueueLogBehavior::beforeExec]  [516] t9n:["app","Updating search indexes"] (attempt: 1, pid: 2189) - Started {"memory":6747256} 
2024-07-26 10:36:06 [queue.INFO] [craft\queue\QueueLogBehavior::afterExec]  [516] t9n:["app","Updating search indexes"] (attempt: 1, pid: 2189) - Done (time: 0.017s) {"memory":6978936} 
2024-07-26 10:36:06 [queue.INFO] [craft\queue\QueueLogBehavior::beforeExec]  [517] t9n:["app","Updating search indexes"] (attempt: 1, pid: 2189) - Started {"memory":6987408} 
2024-07-26 10:36:06 [queue.INFO] [craft\queue\QueueLogBehavior::afterExec]  [517] t9n:["app","Updating search indexes"] (attempt: 1, pid: 2189) - Done (time: 0.010s) {"memory":7043640} 
2024-07-26 10:36:06 [queue.INFO] [craft\queue\QueueLogBehavior::beforeExec]  [518] t9n:["app","Updating search indexes"] (attempt: 1, pid: 2189) - Started {"memory":7060304} 
2024-07-26 10:36:06 [queue.INFO] [craft\queue\QueueLogBehavior::afterExec]  [518] t9n:["app","Updating search indexes"] (attempt: 1, pid: 2189) - Done (time: 0.008s) {"memory":7116536} 
2024-07-26 10:36:06 [queue.INFO] [craft\queue\QueueLogBehavior::beforeExec]  [519] t9n:["app","Pruning extra revisions"] (attempt: 1, pid: 2189) - Started {"memory":7125008} 
2024-07-26 10:36:06 [queue.INFO] [craft\queue\QueueLogBehavior::afterExec]  [519] t9n:["app","Pruning extra revisions"] (attempt: 1, pid: 2189) - Done (time: 0.001s) {"memory":7154672} 
2024-07-26 10:36:06 [queue.INFO] [application] Request context:
$_GET = [
    'p' => 'admin/actions/queue/run'
    'site' => 'nl'
    'v' => '1721982966649'
]

$_POST = []

$_FILES = []

$_COOKIE = [
    '__cookie_consent' => 'true'
    '1031b8c41dfff97a311a7ac99863bdc5_identity' => 'a8ef1ce55b5be19780f3cdf8ff3ab9ac8ff53e891b602ed947eb427130b3bdb2a:2:{i:0;s:41:\"1031b8c41dfff97a311a7ac99863bdc5_identity\";i:1;s:163:\"[13,\"[\\\"vOFmXRB9baqp5VjpXNbBHddoVtStnAVBB_sw0ns5HoRRmWFYOlGMkpedT48wlw-rhDNPPgeRt1whXI7ZXuaFVMTM4bpuwR_wLoA0\\\",null,\\\"4ac8ec26424b5e3748451ec86eaf2036\\\"]\",1209600]\";}'
    '1031b8c41dfff97a311a7ac99863bdc5_username' => '500214ea7404f9cca3f555969ef7ddf8f126e742964e0f33f0399986b683d041a:2:{i:0;s:41:\"1031b8c41dfff97a311a7ac99863bdc5_username\";i:1;s:17:\"support@statik.be\";}'
    'CraftSessionId' => '8f36ff37ed7b797c07ab5e7407113f01'
    'CRAFT_CSRF_TOKEN' => '•••••••••••••••••••••••••••••••••••••••••••••••••••••••••••••••••••••••••••••••••••••••••••••••••••••••••••••••••••••••••••••••••••••••••••••••••••••••••••••••••••••••••••••••••••••••••••••••••••••••••••••••••••••••••••••••••••••••••••••••••••••••••••••••••••'
    'Craft-76b28adf-a4be-4910-9fcc-ed48a02ae10b:sidebar' => 'expanded'
]

$_SESSION = [
    'bd62416aa8538ede709019a5e113eea5__flash' => []
    '1031b8c41dfff97a311a7ac99863bdc5__token' => '••••••••••••••••••••••••••••••••••••••••••••••••••••••••••••••••••••••••••••••••••••••••••••••••••••'
    '1031b8c41dfff97a311a7ac99863bdc5__id' => 13
    '__authKey' => '••••••••••••••••••••••••••••••••••••••••••••••••••••••••••••••••••••••••••••••••••••••••••••••••••••••••••••••••••••••••••••••••••••••••••••••••'
    '1031b8c41dfff97a311a7ac99863bdc5__expire' => 1723192566
    '__duration' => 1209600
    'bd62416aa8538ede709019a5e113eea5__auth_access' => [
        0 => 'previewElement:475'
        1 => 'saveAssets:979c3eeb-f99a-4ca1-bcbe-ce9298a4e4ca'
        2 => 'editStructure:3'
        3 => 'previewElement:609'
        4 => 'previewElement:19'
    ]
]

$_SERVER = [
    'DEPLOY_NAME' => 'local'
    'DDEV_WEBSERVER_TYPE' => 'apache-fpm'
    'npm_config_cache' => '/mnt/ddev-global-cache/npm'
    'IS_DDEV_PROJECT' => 'true'
    'PHP_DEFAULT_VERSION' => '8.1'
    'HOSTNAME' => 'craft-base-install-web'
    'MH_SMTP_BIND_ADDR' => '127.0.0.1:1025'
    'SSH_AUTH_SOCK' => '/home/.ssh-agent/socket'
    'NODE_EXTRA_CA_CERTS' => '/mnt/ddev-global-cache/mkcert/rootCA.pem'
    'DOCKER_IP' => '127.0.0.1'
    'PGPASSWORD' => 'db'
    'DRUSH_ALLOW_XDEBUG' => '1'
    'MYSQL_PWD' => 'db'
    'DDEV_DOCROOT' => 'public'
    'PWD' => '/var/www/html'
    'PLATFORMSH_CLI_UPDATES_CHECK' => '0'
    'DDEV_FILES_DIR' => '/var/www/html/public/files'
    'APACHE_SITE_TEMPLATE' => '/etc/apache2/apache-site.conf'
    'PHP_INI' => '/etc/php/8.2/fpm/php.ini'
    'GOARCH' => 'arm64'
    'DDEV_VERSION' => 'v1.22.2'
    'TZ' => ''
    'HTTPS_EXPOSE' => '443:80,8026:8025'
    'DDEV_PRIMARY_URL' => 'https://craft-base-install.local.statik.be'
    'LINES' => '38'
    'DDEV_SITENAME' => 'craft-base-install'
    'HOME' => '/home/arnaud'
    'DRUSH_OPTIONS_URI' => 'https://craft-base-install.local.statik.be'
    'LANG' => 'C.UTF-8'
    'COLUMNS' => '98'
    'DDEV_MUTAGEN_ENABLED' => 'true'
    'PGUSER' => 'db'
    'TERMINUS_CACHE_DIR' => '/mnt/ddev-global-cache/terminus/cache'
    'DDEV_ROUTER_HTTP_PORT' => '80'
    'COMPOSER_PROCESS_TIMEOUT' => '2000'
    'NGINX_SITE_TEMPLATE' => '/etc/nginx/nginx-site.conf'
    'DDEV_FILES_DIRS' => '/var/www/html/public/files,/var/www/html/node_modules'
    'HTTP_EXPOSE' => '80:80,8025:8025'
    'NVM_DIR' => '/home/arnaud/.nvm'
    'DDEV_PHP_VERSION' => '8.2'
    'DDEV_TLD' => 'local.statik.be'
    'DDEV_HOSTNAME' => 'craft-base-install.local.statik.be'
    'DDEV_PROJECT' => 'craft-base-install'
    'VIRTUAL_HOST' => 'craft-base-install.local.statik.be'
    'TERM' => 'xterm'
    'USER' => 'arnaud'
    'MYSQL_HISTFILE' => '/mnt/ddev-global-cache/mysqlhistory/craft-base-install-web/mysql_history'
    'DDEV_WEB_ENTRYPOINT' => '/mnt/ddev_config/web-entrypoint.d'
    'CAROOT' => '/mnt/ddev-global-cache/mkcert'
    'SHLVL' => '1'
    'COMPOSER_ALLOW_SUPERUSER' => '1'
    'BASH_ENV' => '/etc/bash.nointeractive.bashrc'
    'DDEV_DATABASE' => 'mysql:8.0'
    'PGDATABASE' => 'db'
    'XHPROF_OUTPUT_DIR' => '/tmp/xhprof'
    'COMPOSER_CACHE_DIR' => '/mnt/ddev-global-cache/composer'
    'DDEV_XDEBUG_ENABLED' => 'false'
    'DDEV_DATABASE_FAMILY' => 'mysql'
    'PGHOST' => 'db'
    'DDEV_COMPOSER_ROOT' => '/var/www/html'
    'DOCROOT' => 'public'
    'TERMINUS_HIDE_UPDATE_MESSAGE' => '1'
    'PATH' => '~/bin:~/bin:/usr/local/sbin:/usr/local/bin:/usr/sbin:/usr/bin:/sbin:/bin:/var/www/html/vendor/bin:/var/www/html/bin:/var/www/html/vendor/bin:/var/www/html/vendor/bin:/var/www/html/bin:/var/www/html/vendor/bin'
    'HOST_DOCKER_INTERNAL_IP' => '192.168.5.2'
    'DDEV_PROJECT_TYPE' => 'craftcms'
    'DEBIAN_FRONTEND' => 'noninteractive'
    'DDEV_ROUTER_HTTPS_PORT' => '443'
    'GOOS' => 'darwin'
    'SUPERVISOR_ENABLED' => '1'
    'SUPERVISOR_SERVER_URL' => 'unix:///var/run/supervisor.sock'
    'SUPERVISOR_PROCESS_NAME' => 'php-fpm'
    'SUPERVISOR_GROUP_NAME' => 'php-fpm'
    'SCRIPT_NAME' => '/index.php'
    'REQUEST_URI' => '/index.php?p=admin%2Factions%2Fqueue%2Frun&site=nl&v=1721982966649'
    'QUERY_STRING' => 'p=admin%2Factions%2Fqueue%2Frun&site=nl&v=1721982966649'
    'REQUEST_METHOD' => 'POST'
    'SERVER_PROTOCOL' => 'HTTP/1.1'
    'GATEWAY_INTERFACE' => 'CGI/1.1'
    'REMOTE_PORT' => '38516'
    'SCRIPT_FILENAME' => '/var/www/html/public/index.php'
    'SERVER_ADMIN' => 'webmaster@localhost'
    'CONTEXT_DOCUMENT_ROOT' => '/var/www/html/public'
    'CONTEXT_PREFIX' => ''
    'REQUEST_SCHEME' => 'http'
    'DOCUMENT_ROOT' => '/var/www/html/public'
    'REMOTE_ADDR' => '172.18.0.5'
    'SERVER_PORT' => '80'
    'SERVER_ADDR' => '172.18.0.4'
    'SERVER_NAME' => 'craft-base-install.local.statik.be'
    'SERVER_SOFTWARE' => 'Apache/2.4.56 (Debian)'
    'SERVER_SIGNATURE' => '<address>Apache/2.4.56 (Debian) Server at craft-base-install.local.statik.be Port 80</address>
'
    'HTTP_X_REQUESTED_WITH' => 'XMLHttpRequest'
    'HTTP_X_REGISTERED_JS_FILES' => ''
    'HTTP_X_REGISTERED_ASSET_BUNDLES' => '67b2e9ec,22e517a2,aee7f8dc,e505ffd6,6b4d7555,e5e48399,bb2f10a0,815d39ea,fc0bc163,1ccab40d,1e21896b,54698ee0,b842675b,1c3c9add,4b1fd285,d8d08e47,8f00ce04,8768f48b,cf3018d6,be02ea04,44f7a865,eccadbb,e7c1329,7b7669ac,d3978bd1,7ca18ed1,92d8701,8b141e27,15a36a51,9f64c09b'
    'HTTP_X_REAL_IP' => '172.18.0.1'
    'HTTP_X_FORWARDED_SERVER' => 'b56590ef6c49'
    'HTTP_X_FORWARDED_PROTO' => 'https'
    'HTTP_X_FORWARDED_PORT' => '443'
    'HTTP_X_FORWARDED_HOST' => 'craft-base-install.local.statik.be'
    'HTTP_X_FORWARDED_FOR' => '172.18.0.1'
    'HTTP_X_CSRF_TOKEN' => '••••••••••••••••••••••••••••••••••••••••••••••••••••••••••••••••••••••••••••••••••••••••••••••••••••••••••••••••••••••••••••••••••••••••••••••••••••••••••••••••••••••••••••••••••••••••••••••••••••••••••••••••••••••••••••••••••••••••••••••••••••••••••••••••••••••••••••••••••••••••••••••••••••••••••••••••••••••••••••••••••••••••••••••••••••••••••••••••••••••••••••••••••••••••••••••••••••••••••••'
    'HTTP_TE' => 'trailers'
    'HTTP_SEC_FETCH_SITE' => 'same-origin'
    'HTTP_SEC_FETCH_MODE' => 'cors'
    'HTTP_SEC_FETCH_DEST' => 'empty'
    'HTTP_REFERER' => 'https://craft-base-install.local.statik.be/admin/entries/pages/19-test-2?site=nl'
    'HTTP_ORIGIN' => 'https://craft-base-install.local.statik.be'
    'HTTP_COOKIE' => '__cookie_consent=true; 1031b8c41dfff97a311a7ac99863bdc5_identity=a8ef1ce55b5be19780f3cdf8ff3ab9ac8ff53e891b602ed947eb427130b3bdb2a%3A2%3A%7Bi%3A0%3Bs%3A41%3A%221031b8c41dfff97a311a7ac99863bdc5_identity%22%3Bi%3A1%3Bs%3A163%3A%22%5B13%2C%22%5B%5C%22vOFmXRB9baqp5VjpXNbBHddoVtStnAVBB_sw0ns5HoRRmWFYOlGMkpedT48wlw-rhDNPPgeRt1whXI7ZXuaFVMTM4bpuwR_wLoA0%5C%22%2Cnull%2C%5C%224ac8ec26424b5e3748451ec86eaf2036%5C%22%5D%22%2C1209600%5D%22%3B%7D; 1031b8c41dfff97a311a7ac99863bdc5_username=500214ea7404f9cca3f555969ef7ddf8f126e742964e0f33f0399986b683d041a%3A2%3A%7Bi%3A0%3Bs%3A41%3A%221031b8c41dfff97a311a7ac99863bdc5_username%22%3Bi%3A1%3Bs%3A17%3A%22support%40statik.be%22%3B%7D; CraftSessionId=8f36ff37ed7b797c07ab5e7407113f01; CRAFT_CSRF_TOKEN=6716031a721868063fd63c1248ffbfb4432d09b883b7d18a47518240edbd21c5a%3A2%3A%7Bi%3A0%3Bs%3A16%3A%22CRAFT_CSRF_TOKEN%22%3Bi%3A1%3Bs%3A148%3A%22s6CqWYMlnu2n44EPpS6U3ZAx7XmWnm0hPucfhs1q%7C778de631470e530353d78787cf82f22b08dc951169009ae6f07fed85d3d8b44ds6CqWYMlnu2n44EPpS6U3ZAx7XmWnm0hPucfhs1q%7C13%22%3B%7D; Craft-76b28adf-a4be-4910-9fcc-ed48a02ae10b:sidebar=expanded'
    'HTTP_ACCEPT_LANGUAGE' => 'en-US,en;q=0.5'
    'HTTP_ACCEPT_ENCODING' => 'gzip, deflate, br, zstd'
    'HTTP_ACCEPT' => 'application/json, text/plain, */*'
    'CONTENT_LENGTH' => '0'
    'HTTP_USER_AGENT' => 'Mozilla/5.0 (Macintosh; Intel Mac OS X 10.15; rv:129.0) Gecko/20100101 Firefox/129.0'
    'HTTP_HOST' => 'craft-base-install.local.statik.be'
    'proxy-nokeepalive' => '1'
    'SCRIPT_URI' => 'http://craft-base-install.local.statik.be/index.php'
    'SCRIPT_URL' => '/index.php'
    'HTTPS' => 'on'
    'FCGI_ROLE' => 'RESPONDER'
    'PHP_SELF' => '/index.php'
    'REQUEST_TIME_FLOAT' => 1721982966.0412
    'REQUEST_TIME' => 1721982966
    'CRAFT_ENVIRONMENT' => 'dev'
    'CRAFT_APP_ID' => 'CraftCMS--0ad064a8-9c14-4174-a6ac-97f2cf660951'
    'CRAFT_SECURITY_KEY' => '••••••••••••••••••••••••••••••••'
    'CRAFT_DB_DRIVER' => 'mysql'
    'CRAFT_DB_SERVER' => 'db'
    'CRAFT_DB_PORT' => '3306'
    'CRAFT_DB_DATABASE' => 'db'
    'CRAFT_DB_USER' => 'db'
    'CRAFT_DB_PASSWORD' => '••'
    'CRAFT_DB_SCHEMA' => 'public'
    'CRAFT_DB_TABLE_PREFIX' => ''
    'SYSTEM_NAME' => 'base install'
    'POSTMARK_API_KEY' => ''
    'DEBUG_EMAIL' => ''
    'SYSTEM_EMAIL' => 'no-reply@mailer.today'
    'BASE_URL' => '/'
    'PUBLIC_ACCOUNT_FLOW' => '1'
    'FRONTEND_DEV' => 'true'
    'PRIMARY_SITE_URL' => 'https://craft-base-install.local.statik.be'
    'MAILPIT_SMTP_HOSTNAME' => '127.0.0.1'
    'MAILPIT_SMTP_PORT' => '1025'
    'CRAFT_WEB_ROOT' => '/var/www/html/public'
    'CRAFT_WEB_URL' => 'https://craft-base-install.local.statik.be'
    'FORMIE_SECURITY_KEY' => '••••••••••••••••••••••••••••••••'
] {"environment":"dev","userId":13} 
2024-07-26 13:28:29 [queue.INFO] [yii\db\Connection::open] Opening DB connection: mysql:host=db;dbname=db;port=3306 {"memory":844400} 
2024-07-26 13:28:29 [queue.INFO] [yii\web\Session::open] Session started {"memory":2791336} 
2024-07-26 13:28:29 [queue.INFO] [nystudio107\codeeditor\CodeEditor::bootstrap] CodeEditor module bootstrapped {"memory":2831264} 
2024-07-26 13:28:29 [queue.INFO] [nystudio107\imageoptimize\ImageOptimize::init] ImageOptimize plugin loaded {"memory":3300160} 
2024-07-26 13:28:29 [queue.INFO] [miranj\obfuscator\Obfuscator::init] Obfuscator plugin loaded {"memory":3346280} 
2024-07-26 13:28:29 [queue.INFO] [craftpulse\passwordpolicy\PasswordPolicy::init] Password Policy plugin loaded {"memory":3509696} 
2024-07-26 13:28:29 [queue.INFO] [nystudio107\vite\Vite::init] Vite plugin loaded {"memory":3580616} 
2024-07-26 13:28:29 [queue.INFO] [yii\db\Connection::open] Opening DB connection: mysql:host=db;dbname=db;port=3306 {"memory":4236264} 
2024-07-26 13:28:29 [queue.INFO] [craft\queue\QueueLogBehavior::beforeExec]  [520] Updating Carbon score for Excepteur laboris sit ipsum ullamco laboris aute duis cillum eu ad cupidatat veniam. (attempt: 1, pid: 5768) - Started {"memory":4459504} 
2024-07-26 13:28:29 [queue.INFO] [craft\queue\QueueLogBehavior::afterExec]  [520] Updating Carbon score for Excepteur laboris sit ipsum ullamco laboris aute duis cillum eu ad cupidatat veniam. (attempt: 1, pid: 5768) - Done (time: 0.034s) {"memory":5844032} 
2024-07-26 13:28:29 [queue.INFO] [craft\queue\QueueLogBehavior::beforeExec]  [522] t9n:["app","Updating search indexes"] (attempt: 1, pid: 5768) - Started {"memory":5852360} 
2024-07-26 13:28:29 [queue.INFO] [craft\queue\QueueLogBehavior::afterExec]  [522] t9n:["app","Updating search indexes"] (attempt: 1, pid: 5768) - Done (time: 0.067s) {"memory":6201032} 
2024-07-26 13:28:29 [queue.INFO] [craft\queue\QueueLogBehavior::beforeExec]  [521] t9n:["app","Pruning extra revisions"] (attempt: 1, pid: 5768) - Started {"memory":6210472} 
2024-07-26 13:28:29 [queue.INFO] [craft\queue\QueueLogBehavior::afterExec]  [521] t9n:["app","Pruning extra revisions"] (attempt: 1, pid: 5768) - Done (time: 0.001s) {"memory":6240616} 
2024-07-26 13:28:29 [queue.INFO] [application] Request context:
$_GET = [
    'p' => 'admin/actions/queue/run'
    'site' => 'nl'
    'v' => '1721993309686'
]

$_POST = []

$_FILES = []

$_COOKIE = [
    '__cookie_consent' => 'true'
    '1031b8c41dfff97a311a7ac99863bdc5_identity' => 'a8ef1ce55b5be19780f3cdf8ff3ab9ac8ff53e891b602ed947eb427130b3bdb2a:2:{i:0;s:41:\"1031b8c41dfff97a311a7ac99863bdc5_identity\";i:1;s:163:\"[13,\"[\\\"vOFmXRB9baqp5VjpXNbBHddoVtStnAVBB_sw0ns5HoRRmWFYOlGMkpedT48wlw-rhDNPPgeRt1whXI7ZXuaFVMTM4bpuwR_wLoA0\\\",null,\\\"4ac8ec26424b5e3748451ec86eaf2036\\\"]\",1209600]\";}'
    '1031b8c41dfff97a311a7ac99863bdc5_username' => '500214ea7404f9cca3f555969ef7ddf8f126e742964e0f33f0399986b683d041a:2:{i:0;s:41:\"1031b8c41dfff97a311a7ac99863bdc5_username\";i:1;s:17:\"support@statik.be\";}'
    'CraftSessionId' => '8f36ff37ed7b797c07ab5e7407113f01'
    'CRAFT_CSRF_TOKEN' => '•••••••••••••••••••••••••••••••••••••••••••••••••••••••••••••••••••••••••••••••••••••••••••••••••••••••••••••••••••••••••••••••••••••••••••••••••••••••••••••••••••••••••••••••••••••••••••••••••••••••••••••••••••••••••••••••••••••••••••••••••••••••••••••••••••'
    'Craft-76b28adf-a4be-4910-9fcc-ed48a02ae10b:sidebar' => 'expanded'
]

$_SESSION = [
    'bd62416aa8538ede709019a5e113eea5__flash' => []
    '1031b8c41dfff97a311a7ac99863bdc5__token' => '••••••••••••••••••••••••••••••••••••••••••••••••••••••••••••••••••••••••••••••••••••••••••••••••••••'
    '1031b8c41dfff97a311a7ac99863bdc5__id' => 13
    '__authKey' => '••••••••••••••••••••••••••••••••••••••••••••••••••••••••••••••••••••••••••••••••••••••••••••••••••••••••••••••••••••••••••••••••••••••••••••••••'
    '1031b8c41dfff97a311a7ac99863bdc5__expire' => 1723202908
    '__duration' => 1209600
    'bd62416aa8538ede709019a5e113eea5__auth_access' => [
        0 => 'previewElement:475'
        1 => 'saveAssets:979c3eeb-f99a-4ca1-bcbe-ce9298a4e4ca'
        2 => 'editStructure:3'
        3 => 'previewElement:609'
        4 => 'previewElement:19'
    ]
]

$_SERVER = [
    'DEPLOY_NAME' => 'local'
    'DDEV_WEBSERVER_TYPE' => 'apache-fpm'
    'npm_config_cache' => '/mnt/ddev-global-cache/npm'
    'IS_DDEV_PROJECT' => 'true'
    'PHP_DEFAULT_VERSION' => '8.1'
    'HOSTNAME' => 'craft-base-install-web'
    'MH_SMTP_BIND_ADDR' => '127.0.0.1:1025'
    'SSH_AUTH_SOCK' => '/home/.ssh-agent/socket'
    'NODE_EXTRA_CA_CERTS' => '/mnt/ddev-global-cache/mkcert/rootCA.pem'
    'DOCKER_IP' => '127.0.0.1'
    'PGPASSWORD' => 'db'
    'DRUSH_ALLOW_XDEBUG' => '1'
    'MYSQL_PWD' => 'db'
    'DDEV_DOCROOT' => 'public'
    'PWD' => '/var/www/html'
    'PLATFORMSH_CLI_UPDATES_CHECK' => '0'
    'DDEV_FILES_DIR' => '/var/www/html/public/files'
    'APACHE_SITE_TEMPLATE' => '/etc/apache2/apache-site.conf'
    'PHP_INI' => '/etc/php/8.2/fpm/php.ini'
    'GOARCH' => 'arm64'
    'DDEV_VERSION' => 'v1.22.2'
    'TZ' => ''
    'HTTPS_EXPOSE' => '443:80,8026:8025'
    'DDEV_PRIMARY_URL' => 'https://craft-base-install.local.statik.be'
    'LINES' => '38'
    'DDEV_SITENAME' => 'craft-base-install'
    'HOME' => '/home/arnaud'
    'DRUSH_OPTIONS_URI' => 'https://craft-base-install.local.statik.be'
    'LANG' => 'C.UTF-8'
    'COLUMNS' => '98'
    'DDEV_MUTAGEN_ENABLED' => 'true'
    'PGUSER' => 'db'
    'TERMINUS_CACHE_DIR' => '/mnt/ddev-global-cache/terminus/cache'
    'DDEV_ROUTER_HTTP_PORT' => '80'
    'COMPOSER_PROCESS_TIMEOUT' => '2000'
    'NGINX_SITE_TEMPLATE' => '/etc/nginx/nginx-site.conf'
    'DDEV_FILES_DIRS' => '/var/www/html/public/files,/var/www/html/node_modules'
    'HTTP_EXPOSE' => '80:80,8025:8025'
    'NVM_DIR' => '/home/arnaud/.nvm'
    'DDEV_PHP_VERSION' => '8.2'
    'DDEV_TLD' => 'local.statik.be'
    'DDEV_HOSTNAME' => 'craft-base-install.local.statik.be'
    'DDEV_PROJECT' => 'craft-base-install'
    'VIRTUAL_HOST' => 'craft-base-install.local.statik.be'
    'TERM' => 'xterm'
    'USER' => 'arnaud'
    'MYSQL_HISTFILE' => '/mnt/ddev-global-cache/mysqlhistory/craft-base-install-web/mysql_history'
    'DDEV_WEB_ENTRYPOINT' => '/mnt/ddev_config/web-entrypoint.d'
    'CAROOT' => '/mnt/ddev-global-cache/mkcert'
    'SHLVL' => '1'
    'COMPOSER_ALLOW_SUPERUSER' => '1'
    'NVM_CD_FLAGS' => ''
    'BASH_ENV' => '/etc/bash.nointeractive.bashrc'
    'DDEV_DATABASE' => 'mysql:8.0'
    'PGDATABASE' => 'db'
    'XHPROF_OUTPUT_DIR' => '/tmp/xhprof'
    'COMPOSER_CACHE_DIR' => '/mnt/ddev-global-cache/composer'
    'DDEV_XDEBUG_ENABLED' => 'false'
    'DDEV_DATABASE_FAMILY' => 'mysql'
    'PGHOST' => 'db'
    'DDEV_COMPOSER_ROOT' => '/var/www/html'
    'DOCROOT' => 'public'
    'TERMINUS_HIDE_UPDATE_MESSAGE' => '1'
    'PATH' => '~/bin:~/bin:/usr/local/sbin:/usr/local/bin:/usr/sbin:/usr/bin:/sbin:/bin:/var/www/html/vendor/bin:/var/www/html/bin:/var/www/html/vendor/bin:/var/www/html/vendor/bin:/var/www/html/bin:/var/www/html/vendor/bin'
    'HOST_DOCKER_INTERNAL_IP' => '192.168.5.2'
    'DDEV_PROJECT_TYPE' => 'craftcms'
    'DEBIAN_FRONTEND' => 'noninteractive'
    'DDEV_ROUTER_HTTPS_PORT' => '443'
    'GOOS' => 'darwin'
    'SUPERVISOR_ENABLED' => '1'
    'SUPERVISOR_SERVER_URL' => 'unix:///var/run/supervisor.sock'
    'SUPERVISOR_PROCESS_NAME' => 'php-fpm'
    'SUPERVISOR_GROUP_NAME' => 'php-fpm'
    'SCRIPT_NAME' => '/index.php'
    'REQUEST_URI' => '/index.php?p=admin%2Factions%2Fqueue%2Frun&site=nl&v=1721993309686'
    'QUERY_STRING' => 'p=admin%2Factions%2Fqueue%2Frun&site=nl&v=1721993309686'
    'REQUEST_METHOD' => 'POST'
    'SERVER_PROTOCOL' => 'HTTP/1.1'
    'GATEWAY_INTERFACE' => 'CGI/1.1'
    'REMOTE_PORT' => '45158'
    'SCRIPT_FILENAME' => '/var/www/html/public/index.php'
    'SERVER_ADMIN' => 'webmaster@localhost'
    'CONTEXT_DOCUMENT_ROOT' => '/var/www/html/public'
    'CONTEXT_PREFIX' => ''
    'REQUEST_SCHEME' => 'http'
    'DOCUMENT_ROOT' => '/var/www/html/public'
    'REMOTE_ADDR' => '172.18.0.5'
    'SERVER_PORT' => '80'
    'SERVER_ADDR' => '172.18.0.4'
    'SERVER_NAME' => 'craft-base-install.local.statik.be'
    'SERVER_SOFTWARE' => 'Apache/2.4.56 (Debian)'
    'SERVER_SIGNATURE' => '<address>Apache/2.4.56 (Debian) Server at craft-base-install.local.statik.be Port 80</address>
'
    'HTTP_X_REQUESTED_WITH' => 'XMLHttpRequest'
    'HTTP_X_REGISTERED_JS_FILES' => ''
    'HTTP_X_REGISTERED_ASSET_BUNDLES' => '67b2e9ec,22e517a2,aee7f8dc,e505ffd6,6b4d7555,e5e48399,bb2f10a0,815d39ea,fc0bc163,1ccab40d,1e21896b,54698ee0,b842675b,1c3c9add,4b1fd285,d8d08e47,8f00ce04,8768f48b,cf3018d6,be02ea04,44f7a865,eccadbb,e7c1329,7b7669ac,d3978bd1,7ca18ed1,92d8701,8b141e27,15a36a51,9f64c09b'
    'HTTP_X_REAL_IP' => '172.18.0.1'
    'HTTP_X_FORWARDED_SERVER' => 'b56590ef6c49'
    'HTTP_X_FORWARDED_PROTO' => 'https'
    'HTTP_X_FORWARDED_PORT' => '443'
    'HTTP_X_FORWARDED_HOST' => 'craft-base-install.local.statik.be'
    'HTTP_X_FORWARDED_FOR' => '172.18.0.1'
    'HTTP_X_CSRF_TOKEN' => '••••••••••••••••••••••••••••••••••••••••••••••••••••••••••••••••••••••••••••••••••••••••••••••••••••••••••••••••••••••••••••••••••••••••••••••••••••••••••••••••••••••••••••••••••••••••••••••••••••••••••••••••••••••••••••••••••••••••••••••••••••••••••••••••••••••••••••••••••••••••••••••••••••••••••••••••••••••••••••••••••••••••••••••••••••••••••••••••••••••••••••••••••••••••••••••••••••••••••••'
    'HTTP_TE' => 'trailers'
    'HTTP_SEC_FETCH_SITE' => 'same-origin'
    'HTTP_SEC_FETCH_MODE' => 'cors'
    'HTTP_SEC_FETCH_DEST' => 'empty'
    'HTTP_REFERER' => 'https://craft-base-install.local.statik.be/admin/entries/news/475-news-item-6?site=nl'
    'HTTP_ORIGIN' => 'https://craft-base-install.local.statik.be'
    'HTTP_COOKIE' => '__cookie_consent=true; 1031b8c41dfff97a311a7ac99863bdc5_identity=a8ef1ce55b5be19780f3cdf8ff3ab9ac8ff53e891b602ed947eb427130b3bdb2a%3A2%3A%7Bi%3A0%3Bs%3A41%3A%221031b8c41dfff97a311a7ac99863bdc5_identity%22%3Bi%3A1%3Bs%3A163%3A%22%5B13%2C%22%5B%5C%22vOFmXRB9baqp5VjpXNbBHddoVtStnAVBB_sw0ns5HoRRmWFYOlGMkpedT48wlw-rhDNPPgeRt1whXI7ZXuaFVMTM4bpuwR_wLoA0%5C%22%2Cnull%2C%5C%224ac8ec26424b5e3748451ec86eaf2036%5C%22%5D%22%2C1209600%5D%22%3B%7D; 1031b8c41dfff97a311a7ac99863bdc5_username=500214ea7404f9cca3f555969ef7ddf8f126e742964e0f33f0399986b683d041a%3A2%3A%7Bi%3A0%3Bs%3A41%3A%221031b8c41dfff97a311a7ac99863bdc5_username%22%3Bi%3A1%3Bs%3A17%3A%22support%40statik.be%22%3B%7D; CraftSessionId=8f36ff37ed7b797c07ab5e7407113f01; CRAFT_CSRF_TOKEN=6716031a721868063fd63c1248ffbfb4432d09b883b7d18a47518240edbd21c5a%3A2%3A%7Bi%3A0%3Bs%3A16%3A%22CRAFT_CSRF_TOKEN%22%3Bi%3A1%3Bs%3A148%3A%22s6CqWYMlnu2n44EPpS6U3ZAx7XmWnm0hPucfhs1q%7C778de631470e530353d78787cf82f22b08dc951169009ae6f07fed85d3d8b44ds6CqWYMlnu2n44EPpS6U3ZAx7XmWnm0hPucfhs1q%7C13%22%3B%7D; Craft-76b28adf-a4be-4910-9fcc-ed48a02ae10b:sidebar=expanded'
    'HTTP_ACCEPT_LANGUAGE' => 'en-US,en;q=0.5'
    'HTTP_ACCEPT_ENCODING' => 'gzip, deflate, br, zstd'
    'HTTP_ACCEPT' => 'application/json, text/plain, */*'
    'CONTENT_LENGTH' => '0'
    'HTTP_USER_AGENT' => 'Mozilla/5.0 (Macintosh; Intel Mac OS X 10.15; rv:129.0) Gecko/20100101 Firefox/129.0'
    'HTTP_HOST' => 'craft-base-install.local.statik.be'
    'proxy-nokeepalive' => '1'
    'SCRIPT_URI' => 'http://craft-base-install.local.statik.be/index.php'
    'SCRIPT_URL' => '/index.php'
    'HTTPS' => 'on'
    'FCGI_ROLE' => 'RESPONDER'
    'PHP_SELF' => '/index.php'
    'REQUEST_TIME_FLOAT' => 1721993308.8399
    'REQUEST_TIME' => 1721993308
    'CRAFT_ENVIRONMENT' => 'dev'
    'CRAFT_APP_ID' => 'CraftCMS--0ad064a8-9c14-4174-a6ac-97f2cf660951'
    'CRAFT_SECURITY_KEY' => '••••••••••••••••••••••••••••••••'
    'CRAFT_DB_DRIVER' => 'mysql'
    'CRAFT_DB_SERVER' => 'db'
    'CRAFT_DB_PORT' => '3306'
    'CRAFT_DB_DATABASE' => 'db'
    'CRAFT_DB_USER' => 'db'
    'CRAFT_DB_PASSWORD' => '••'
    'CRAFT_DB_SCHEMA' => 'public'
    'CRAFT_DB_TABLE_PREFIX' => ''
    'SYSTEM_NAME' => 'base install'
    'POSTMARK_API_KEY' => ''
    'DEBUG_EMAIL' => ''
    'SYSTEM_EMAIL' => 'no-reply@mailer.today'
    'BASE_URL' => '/'
    'PUBLIC_ACCOUNT_FLOW' => '1'
    'FRONTEND_DEV' => 'true'
    'PRIMARY_SITE_URL' => 'https://craft-base-install.local.statik.be'
    'MAILPIT_SMTP_HOSTNAME' => '127.0.0.1'
    'MAILPIT_SMTP_PORT' => '1025'
    'CRAFT_WEB_ROOT' => '/var/www/html/public'
    'CRAFT_WEB_URL' => 'https://craft-base-install.local.statik.be'
    'FORMIE_SECURITY_KEY' => '••••••••••••••••••••••••••••••••'
] {"environment":"dev","userId":13} 
